<?xml version="1.0" encoding="UTF-8"?>
<!-- Generated by org.testng.reporters.JUnitReportReporter -->
<testsuite hostname="Tzi-PC" name="test.HomePage" tests="1" failures="0" timestamp="20 May 2016 20:44:15 GMT" time="7.686" errors="0">
  <testcase name="OpenHomePage" time="7.686" classname="test.HomePage"/>
</testsuite> <!-- test.HomePage -->
